<?xml version="1.0" encoding="UTF-8"?>
<testng-results ignored="0" total="1" passed="1" failed="0" skipped="0">
  <reporter-output>
  </reporter-output>
  <suite started-at="2022-06-17T16:22:57 IST" name="Default suite" finished-at="2022-06-17T16:22:57 IST" duration-ms="28">
    <groups>
    </groups>
    <test started-at="2022-06-17T16:22:57 IST" name="Default test" finished-at="2022-06-17T16:22:57 IST" duration-ms="28">
      <class name="testNG">
        <test-method signature="out()[pri:0, instance:testNG@69997e9d]" started-at="2022-06-17T16:22:57 IST" name="out" finished-at="2022-06-17T16:22:57 IST" duration-ms="6" status="PASS">
          <reporter-output>
          </reporter-output>
        </test-method> <!-- out -->
      </class> <!-- testNG -->
    </test> <!-- Default test -->
  </suite> <!-- Default suite -->
</testng-results>
