<?xml version="1.0" encoding="UTF-8"?>
<testng-results ignored="0" total="1" passed="1" failed="0" skipped="0">
  <reporter-output>
  </reporter-output>
  <suite started-at="2022-06-18T14:47:44 IST" name="Default suite" finished-at="2022-06-18T14:47:49 IST" duration-ms="5145">
    <groups>
    </groups>
    <test started-at="2022-06-18T14:47:44 IST" name="Default test" finished-at="2022-06-18T14:47:49 IST" duration-ms="5145">
      <class name="pages.loginPage">
        <test-method signature="login()[pri:0, instance:pages.loginPage@52102734]" started-at="2022-06-18T14:47:44 IST" name="login" finished-at="2022-06-18T14:47:49 IST" duration-ms="5119" status="PASS">
          <reporter-output>
          </reporter-output>
        </test-method> <!-- login -->
      </class> <!-- pages.loginPage -->
    </test> <!-- Default test -->
  </suite> <!-- Default suite -->
</testng-results>
